
   --- Expanded Deck Component Count ---
C's 3
G's 1
L's 1
R's 3
V's 1
tot: 9


    --- Expanded Netlist ---
* C:\users\fabri\Documents\TC2\LTspice\TS4\TS4_3.asc
c1 n001 n002 4.98384309448008e-006 
r1 n001 0 1 
g:u1:1 0 n003 n001 n003 100000 
r:u1:3 n003 0 1.
c:u1:3 n003 0 0.00159154943091895 
r2 n004 n003 1 
c2 vo n004 4.98384309448008e-006 
l1 vo 0 4.98384309448008e-006 
v1 n002 0 ac 1 0
.ac dec 100 100 1meg
.end

Ignoring empty pin current: Ix(u1:1)
Ignoring empty pin current: Ix(u1:2)

Date: Sat Jun 10 18:32:42 2023
Total elapsed time: 0.078 seconds.

tnom = 27
temp = 27
method = trap
totiter = 0
traniter = 0
tranpoints = 0
accept = 0
rejected = 0
matrix size = 6
fillins = 1
solver = Normal

