
   --- Expanded Deck Component Count ---
C's 6
G's 3
R's 9
V's 1
tot: 19


    --- Expanded Netlist ---
* C:\users\fabri\Documents\TC2\LTspice\TS4\TS4_4.asc
c1 n003 n004 4.98384309448008e-006 
r1 n003 0 1 
g:u1:1 0 n005 n003 n005 100000 
r:u1:3 n005 0 1.
c:u1:3 n005 0 0.00159154943091895 
r2 n006 n005 1 
c2 vo n006 4.98384309448008e-006 
v1 n004 0 ac 1 0
g:u2:1 0 n001 vo n002 100000 
r:u2:3 n001 0 1.
c:u2:3 n001 0 0.00159154943091895 
g:u3:1 0 n007 n008 n002 100000 
r:u3:3 n007 0 1.
c:u3:3 n007 0 0.00159154943091895 
r3 n007 vo 1 
r4 n001 n002 1 
r5 n008 n001 1 
r6 0 n008 1 
c3 n002 n007 4.98384309448008e-006 
.ac dec 100 100 1meg
.end

Ignoring empty pin current: Ix(u1:1)
Ignoring empty pin current: Ix(u1:2)
Ignoring empty pin current: Ix(u2:1)
Ignoring empty pin current: Ix(u2:2)
Ignoring empty pin current: Ix(u3:1)
Ignoring empty pin current: Ix(u3:2)

Date: Sat Jun 10 18:48:42 2023
Total elapsed time: 0.068 seconds.

tnom = 27
temp = 27
method = trap
totiter = 0
traniter = 0
tranpoints = 0
accept = 0
rejected = 0
matrix size = 10
fillins = 11
solver = Normal

